0 info it worked if it ends with ok
1 verbose cli [ '/usr/local/bin/node', '/usr/local/bin/npm', 'start' ]
2 info using npm@3.10.10
3 info using node@v6.11.3
4 verbose run-script [ 'prestart', 'start', 'poststart' ]
5 info lifecycle react-complete-guide@0.1.0~prestart: react-complete-guide@0.1.0
6 silly lifecycle react-complete-guide@0.1.0~prestart: no script for prestart, continuing
7 info lifecycle react-complete-guide@0.1.0~start: react-complete-guide@0.1.0
8 verbose lifecycle react-complete-guide@0.1.0~start: unsafe-perm in lifecycle true
9 verbose lifecycle react-complete-guide@0.1.0~start: PATH: /usr/local/lib/node_modules/npm/bin/node-gyp-bin:/Users/darojuv/code/Learnreact/httpsetup/IntroToAxios/node_modules/.bin:/Library/Frameworks/Python.framework/Versions/3.6/bin:/usr/local/bin:/usr/bin:/bin:/usr/sbin:/sbin:/usr/local/go/bin:/usr/local/share/dotnet:/Library/Frameworks/Mono.framework/Versions/Current/Commands:/Applications/Wireshark.app/Contents/MacOS:/Applications/Xamarin Workbooks.app/Contents/SharedSupport/path-bin:/Library/Frameworks/Python.framework/Versions/3.6/bin:/Users/darojuv/code/azExecuteble:/usr/local:/Users/darojuv/node/bin:/Users/darojuv/code/azExecuteble:/usr/local:/usr/local/bin:/Users/darojuv/node/bin
10 verbose lifecycle react-complete-guide@0.1.0~start: CWD: /Users/darojuv/code/Learnreact/httpsetup/IntroToAxios
11 silly lifecycle react-complete-guide@0.1.0~start: Args: [ '-c', 'react-scripts start' ]
12 silly lifecycle react-complete-guide@0.1.0~start: Returned: code: 126  signal: null
13 info lifecycle react-complete-guide@0.1.0~start: Failed to exec start script
14 verbose stack Error: react-complete-guide@0.1.0 start: `react-scripts start`
14 verbose stack Exit status 126
14 verbose stack     at EventEmitter.<anonymous> (/usr/local/lib/node_modules/npm/lib/utils/lifecycle.js:255:16)
14 verbose stack     at emitTwo (events.js:106:13)
14 verbose stack     at EventEmitter.emit (events.js:191:7)
14 verbose stack     at ChildProcess.<anonymous> (/usr/local/lib/node_modules/npm/lib/utils/spawn.js:40:14)
14 verbose stack     at emitTwo (events.js:106:13)
14 verbose stack     at ChildProcess.emit (events.js:191:7)
14 verbose stack     at maybeClose (internal/child_process.js:920:16)
14 verbose stack     at Process.ChildProcess._handle.onexit (internal/child_process.js:230:5)
15 verbose pkgid react-complete-guide@0.1.0
16 verbose cwd /Users/darojuv/code/Learnreact/httpsetup/IntroToAxios
17 error Darwin 17.5.0
18 error argv "/usr/local/bin/node" "/usr/local/bin/npm" "start"
19 error node v6.11.3
20 error npm  v3.10.10
21 error code ELIFECYCLE
22 error react-complete-guide@0.1.0 start: `react-scripts start`
22 error Exit status 126
23 error Failed at the react-complete-guide@0.1.0 start script 'react-scripts start'.
23 error Make sure you have the latest version of node.js and npm installed.
23 error If you do, this is most likely a problem with the react-complete-guide package,
23 error not with npm itself.
23 error Tell the author that this fails on your system:
23 error     react-scripts start
23 error You can get information on how to open an issue for this project with:
23 error     npm bugs react-complete-guide
23 error Or if that isn't available, you can get their info via:
23 error     npm owner ls react-complete-guide
23 error There is likely additional logging output above.
24 verbose exit [ 1, true ]
